<?xml version="1.0" encoding="UTF-8"?>
<testng-results ignored="0" total="3" passed="3" failed="0" skipped="0">
  <reporter-output>
  </reporter-output>
  <suite started-at="2021-06-25T23:06:01 CDT" name="Default suite" finished-at="2021-06-25T23:06:15 CDT" duration-ms="14228">
    <groups>
    </groups>
    <test started-at="2021-06-25T23:06:01 CDT" name="Default test" finished-at="2021-06-25T23:06:15 CDT" duration-ms="14228">
      <class name="com.WalmartScreenshot.TakingScreenShot">
        <test-method signature="screenshotOfaPage()[pri:1, instance:com.WalmartScreenshot.TakingScreenShot@163e4e87]" started-at="2021-06-25T23:06:01 CDT" name="screenshotOfaPage" description="Screenshot of a complete page" finished-at="2021-06-25T23:06:07 CDT" duration-ms="5755" status="PASS">
          <reporter-output>
          </reporter-output>
        </test-method> <!-- screenshotOfaPage -->
        <test-method signature="screenshotofaSection()[pri:2, instance:com.WalmartScreenshot.TakingScreenShot@163e4e87]" started-at="2021-06-25T23:06:07 CDT" name="screenshotofaSection" description="Screenshot of a section in a page" finished-at="2021-06-25T23:06:11 CDT" duration-ms="3840" status="PASS">
          <reporter-output>
          </reporter-output>
        </test-method> <!-- screenshotofaSection -->
        <test-method signature="screenshotOfaElement()[pri:3, instance:com.WalmartScreenshot.TakingScreenShot@163e4e87]" started-at="2021-06-25T23:06:11 CDT" name="screenshotOfaElement" description="Taking screenshot of a element" finished-at="2021-06-25T23:06:15 CDT" duration-ms="4588" status="PASS">
          <reporter-output>
          </reporter-output>
        </test-method> <!-- screenshotOfaElement -->
      </class> <!-- com.WalmartScreenshot.TakingScreenShot -->
    </test> <!-- Default test -->
  </suite> <!-- Default suite -->
</testng-results>
