<?xml version="1.0" encoding="UTF-8"?>
<!-- Generated by org.testng.reporters.JUnitXMLReporter -->
<testsuite ignored="0" hostname="DESKTOP-Q0O44GO" failures="0" tests="3" name="Default test" time="14.228" errors="0" timestamp="2021-06-25T23:06:15 CDT">
  <testcase classname="com.WalmartScreenshot.TakingScreenShot" name="screenshotOfaPage" time="5.755"/>
  <testcase classname="com.WalmartScreenshot.TakingScreenShot" name="screenshotofaSection" time="3.84"/>
  <testcase classname="com.WalmartScreenshot.TakingScreenShot" name="screenshotOfaElement" time="4.588"/>
</testsuite> <!-- Default test -->
