<?xml version="1.0" encoding="UTF-8"?>
<testng-results ignored="0" total="2" passed="2" failed="0" skipped="0">
  <reporter-output>
  </reporter-output>
  <suite started-at="2021-06-04T21:16:16 CDT" name="Suite" finished-at="2021-06-04T21:16:24 CDT" duration-ms="7562">
    <groups>
    </groups>
    <test started-at="2021-06-04T21:16:16 CDT" name="TestLogin" finished-at="2021-06-04T21:16:24 CDT" duration-ms="7562">
      <class name="com.MenardsTestNgListeners.LogInTest">
        <test-method is-config="true" signature="openBrowser()[pri:0, instance:com.MenardsTestNgListeners.LogInTest@6f96c77]" started-at="2021-06-04T21:16:16 CDT" name="openBrowser" finished-at="2021-06-04T21:16:19 CDT" duration-ms="2723" status="PASS">
          <reporter-output>
          </reporter-output>
        </test-method> <!-- openBrowser -->
        <test-method signature="homePage()[pri:1, instance:com.MenardsTestNgListeners.LogInTest@6f96c77]" started-at="2021-06-04T21:16:19 CDT" name="homePage" finished-at="2021-06-04T21:16:24 CDT" duration-ms="4452" status="PASS">
          <reporter-output>
          </reporter-output>
        </test-method> <!-- homePage -->
        <test-method signature="getTitle()[pri:0, instance:com.MenardsTestNgListeners.LogInTest@6f96c77]" started-at="2021-06-04T21:16:24 CDT" name="getTitle" finished-at="2021-06-04T21:16:24 CDT" depends-on-methods="com.MenardsTestNgListeners.LogInTest.homePage" duration-ms="18" status="PASS">
          <reporter-output>
          </reporter-output>
        </test-method> <!-- getTitle -->
        <test-method is-config="true" signature="tearDown()[pri:0, instance:com.MenardsTestNgListeners.LogInTest@6f96c77]" started-at="2021-06-04T21:16:24 CDT" name="tearDown" finished-at="2021-06-04T21:16:24 CDT" duration-ms="295" status="PASS">
          <reporter-output>
          </reporter-output>
        </test-method> <!-- tearDown -->
      </class> <!-- com.MenardsTestNgListeners.LogInTest -->
    </test> <!-- TestLogin -->
  </suite> <!-- Suite -->
</testng-results>
